2026-05-10 20:02:22.712 [qtp325897214-39] INFO  org.example.Dao.GlassesDao - Получение 10 первых очьков для главной страници
2026-05-10 20:02:32.187 [qtp325897214-39] INFO  org.example.servlet.LoginServlet - Попытка входа в аккаунт kjhl@gfd с IP [0:0:0:0:0:0:0:1]
2026-05-10 20:02:32.192 [qtp325897214-39] INFO  org.example.Dao.UserDao - Неудачная поппытка входа в аккаунт kjhl@gfd
2026-05-10 20:03:11.087 [qtp325897214-38] INFO  org.example.Dao.GlassesDao - Получение 10 первых очьков для главной страници
2026-05-10 20:03:13.335 [qtp325897214-39] INFO  org.example.Dao.GlassesDao - Получение всех очьков
2026-05-10 20:05:15.223 [qtp325897214-43] INFO  org.example.Dao.GlassesDao - Получение всех очьков
2026-05-10 20:05:16.626 [qtp325897214-38] INFO  org.example.Dao.GlassesDao - Получение 10 первых очьков для главной страници
2026-05-10 20:05:19.069 [qtp325897214-51] INFO  org.example.Dao.GlassesDao - Получение всех очьков
2026-05-10 20:05:21.171 [qtp325897214-51] INFO  org.example.Dao.GlassesDao - Получение 10 первых очьков для главной страници
2026-05-10 20:05:22.302 [qtp325897214-38] INFO  org.example.Dao.GlassesDao - Получение 10 первых очьков для главной страници
2026-05-10 20:05:22.871 [qtp325897214-51] INFO  org.example.Dao.GlassesDao - Получение всех очьков
2026-05-10 20:05:23.932 [qtp325897214-38] INFO  org.example.Dao.GlassesDao - Получение 10 первых очьков для главной страници
2026-05-10 20:07:30.765 [qtp325897214-39] INFO  org.example.Dao.GlassesDao - Получение 10 первых очков для главной страници
2026-05-10 20:21:09.685 [qtp325897214-39] INFO  org.example.Dao.GlassesDao - Получение 10 первых очков для главной страници
2026-05-10 20:23:32.900 [qtp325897214-39] INFO  org.example.Dao.GlassesDao - Получение 10 первых очков для главной страници
2026-05-10 20:23:34.880 [qtp325897214-43] INFO  org.example.Dao.GlassesDao - Получение всех очков
2026-05-10 20:23:36.903 [qtp325897214-38] INFO  org.example.Dao.GlassesDao - Получение 10 первых очков для главной страници
2026-05-10 20:23:41.945 [qtp325897214-38] INFO  org.example.servlet.LoginServlet - Попытка входа в аккаунт star-1772@mail.rukl с IP [0:0:0:0:0:0:0:1]
2026-05-10 20:23:41.951 [qtp325897214-38] INFO  org.example.Dao.UserDao - Неудачная поппытка входа в аккаунт star-1772@mail.rukl
2026-05-10 20:24:14.941 [qtp325897214-40] INFO  org.example.servlet.LoginServlet - Попытка входа в аккаунт fdsgd@mail.ru с IP [0:0:0:0:0:0:0:1]
2026-05-10 20:24:14.950 [qtp325897214-38] INFO  org.example.Dao.GlassesDao - Получение 10 первых очков для главной страници
2026-05-10 20:33:33.282 [qtp325897214-39] INFO  org.example.Dao.GlassesDao - Получение 10 первых очков для главной страници
2026-05-10 20:33:37.006 [qtp325897214-38] INFO  org.example.servlet.LoginServlet - Попытка входа в аккаунт fdsgd@mail.ru с IP [0:0:0:0:0:0:0:1]
2026-05-10 20:33:37.016 [qtp325897214-40] INFO  org.example.Dao.GlassesDao - Получение 10 первых очков для главной страници
2026-05-10 20:34:32.896 [qtp1636256669-38] INFO  org.example.Dao.GlassesDao - Получение 10 первых очков для главной страници
2026-05-10 20:34:36.549 [qtp1636256669-40] INFO  org.example.servlet.LoginServlet - Попытка входа в аккаунт fdsgd@mail.ru с IP [0:0:0:0:0:0:0:1]
2026-05-10 20:34:36.558 [qtp1636256669-39] INFO  org.example.Dao.GlassesDao - Получение 10 первых очков для главной страници
2026-05-10 20:36:40.907 [qtp325897214-40] INFO  org.example.Dao.GlassesDao - Получение 10 первых очков для главной страници
2026-05-10 20:36:43.179 [qtp325897214-43] INFO  org.example.Dao.GlassesDao - Получение 10 первых очков для главной страници
2026-05-10 20:36:45.813 [qtp325897214-39] INFO  org.example.servlet.LoginServlet - Попытка входа в аккаунт fdsgd@mail.ru с IP [0:0:0:0:0:0:0:1]
2026-05-10 20:36:45.822 [qtp325897214-38] INFO  org.example.Dao.GlassesDao - Получение 10 первых очков для главной страници
